This is pdfTeX, Version 3.141592653-2.6-1.40.24 (TeX Live 2022/Homebrew) (preloaded format=pdflatex 2022.11.23)  23 MAR 2023 22:45
entering extended mode
 restricted \write18 enabled.
 %&-line parsing enabled.
**jobCV.tex
(./jobCV.tex
LaTeX2e <2021-11-15> patch level 1
L3 programming layer <2022-02-24> (./jobCV.cls
Document Class: jobCV 2014/04/30 jobCV class

(/opt/homebrew/Cellar/texlive/20220321_3/share/texmf-dist/tex/latex/base/articl
e.cls
Document Class: article 2021/10/04 v1.4n Standard LaTeX document class

(/opt/homebrew/Cellar/texlive/20220321_3/share/texmf-dist/tex/latex/base/size10
.clo
File: size10.clo 2021/10/04 v1.4n Standard LaTeX file (size option)
)
\c@part=\count185
\c@section=\count186
\c@subsection=\count187
\c@subsubsection=\count188
\c@paragraph=\count189
\c@subparagraph=\count190
\c@figure=\count191
\c@table=\count192
\abovecaptionskip=\skip47
\belowcaptionskip=\skip48
\bibindent=\dimen138
)
(/opt/homebrew/Cellar/texlive/20220321_3/share/texmf-dist/tex/latex/geometry/ge
ometry.sty
Package: geometry 2020/01/02 v5.9 Page Geometry

(/opt/homebrew/Cellar/texlive/20220321_3/share/texmf-dist/tex/latex/graphics/ke
yval.sty
Package: keyval 2014/10/28 v1.15 key=value parser (DPC)
\KV@toks@=\toks16
)
(/opt/homebrew/Cellar/texlive/20220321_3/share/texmf-dist/tex/generic/iftex/ifv
tex.sty
Package: ifvtex 2019/10/25 v1.7 ifvtex legacy package. Use iftex instead.

(/opt/homebrew/Cellar/texlive/20220321_3/share/texmf-dist/tex/generic/iftex/ift
ex.sty
Package: iftex 2022/02/03 v1.0f TeX engine tests
))
\Gm@cnth=\count193
\Gm@cntv=\count194
\c@Gm@tempcnt=\count195
\Gm@bindingoffset=\dimen139
\Gm@wd@mp=\dimen140
\Gm@odd@mp=\dimen141
\Gm@even@mp=\dimen142
\Gm@layoutwidth=\dimen143
\Gm@layoutheight=\dimen144
\Gm@layouthoffset=\dimen145
\Gm@layoutvoffset=\dimen146
\Gm@dimlist=\toks17
)
(/opt/homebrew/Cellar/texlive/20220321_3/share/texmf-dist/tex/latex/xcolor/xcol
or.sty
Package: xcolor 2021/10/31 v2.13 LaTeX color extensions (UK)

(/opt/homebrew/Cellar/texlive/20220321_3/share/texmf-dist/tex/latex/graphics-cf
g/color.cfg
File: color.cfg 2016/01/02 v1.6 sample color configuration
)
Package xcolor Info: Package option `usenames' ignored on input line 218.
Package xcolor Info: Driver file: pdftex.def on input line 227.

(/opt/homebrew/Cellar/texlive/20220321_3/share/texmf-dist/tex/latex/graphics-de
f/pdftex.def
File: pdftex.def 2020/10/05 v1.2a Graphics/color driver for pdftex
)
Package xcolor Info: Model `cmy' substituted by `cmy0' on input line 1352.
Package xcolor Info: Model `hsb' substituted by `rgb' on input line 1356.
Package xcolor Info: Model `RGB' extended on input line 1368.
Package xcolor Info: Model `HTML' substituted by `rgb' on input line 1370.
Package xcolor Info: Model `Hsb' substituted by `hsb' on input line 1371.
Package xcolor Info: Model `tHsb' substituted by `hsb' on input line 1372.
Package xcolor Info: Model `HSB' substituted by `hsb' on input line 1373.
Package xcolor Info: Model `Gray' substituted by `gray' on input line 1374.
Package xcolor Info: Model `wave' substituted by `hsb' on input line 1375.

(/opt/homebrew/Cellar/texlive/20220321_3/share/texmf-dist/tex/latex/graphics/dv
ipsnam.def
File: dvipsnam.def 2016/06/17 v3.0m Driver-dependent file (DPC,SPQR)
))
(/opt/homebrew/Cellar/texlive/20220321_3/share/texmf-dist/tex/latex/hyperref/hy
perref.sty
Package: hyperref 2022-02-21 v7.00n Hypertext links for LaTeX

(/opt/homebrew/Cellar/texlive/20220321_3/share/texmf-dist/tex/generic/ltxcmds/l
txcmds.sty
Package: ltxcmds 2020-05-10 v1.25 LaTeX kernel commands for general use (HO)
)
(/opt/homebrew/Cellar/texlive/20220321_3/share/texmf-dist/tex/generic/pdftexcmd
s/pdftexcmds.sty
Package: pdftexcmds 2020-06-27 v0.33 Utility functions of pdfTeX for LuaTeX (HO
)

(/opt/homebrew/Cellar/texlive/20220321_3/share/texmf-dist/tex/generic/infwarerr
/infwarerr.sty
Package: infwarerr 2019/12/03 v1.5 Providing info/warning/error messages (HO)
)
Package pdftexcmds Info: \pdf@primitive is available.
Package pdftexcmds Info: \pdf@ifprimitive is available.
Package pdftexcmds Info: \pdfdraftmode found.
)
(/opt/homebrew/Cellar/texlive/20220321_3/share/texmf-dist/tex/generic/kvsetkeys
/kvsetkeys.sty
Package: kvsetkeys 2019/12/15 v1.18 Key value parser (HO)
)
(/opt/homebrew/Cellar/texlive/20220321_3/share/texmf-dist/tex/generic/kvdefinek
eys/kvdefinekeys.sty
Package: kvdefinekeys 2019-12-19 v1.6 Define keys (HO)
)
(/opt/homebrew/Cellar/texlive/20220321_3/share/texmf-dist/tex/generic/pdfescape
/pdfescape.sty
Package: pdfescape 2019/12/09 v1.15 Implements pdfTeX's escape features (HO)
)
(/opt/homebrew/Cellar/texlive/20220321_3/share/texmf-dist/tex/latex/hycolor/hyc
olor.sty
Package: hycolor 2020-01-27 v1.10 Color options for hyperref/bookmark (HO)
)
(/opt/homebrew/Cellar/texlive/20220321_3/share/texmf-dist/tex/latex/letltxmacro
/letltxmacro.sty
Package: letltxmacro 2019/12/03 v1.6 Let assignment for LaTeX macros (HO)
)
(/opt/homebrew/Cellar/texlive/20220321_3/share/texmf-dist/tex/latex/auxhook/aux
hook.sty
Package: auxhook 2019-12-17 v1.6 Hooks for auxiliary files (HO)
)
(/opt/homebrew/Cellar/texlive/20220321_3/share/texmf-dist/tex/latex/kvoptions/k
voptions.sty
Package: kvoptions 2020-10-07 v3.14 Key value format for package options (HO)
)
\@linkdim=\dimen147
\Hy@linkcounter=\count196
\Hy@pagecounter=\count197

(/opt/homebrew/Cellar/texlive/20220321_3/share/texmf-dist/tex/latex/hyperref/pd
1enc.def
File: pd1enc.def 2022-02-21 v7.00n Hyperref: PDFDocEncoding definition (HO)
Now handling font encoding PD1 ...
... no UTF-8 mapping file for font encoding PD1
)
(/opt/homebrew/Cellar/texlive/20220321_3/share/texmf-dist/tex/generic/intcalc/i
ntcalc.sty
Package: intcalc 2019/12/15 v1.3 Expandable calculations with integers (HO)
)
(/opt/homebrew/Cellar/texlive/20220321_3/share/texmf-dist/tex/generic/etexcmds/
etexcmds.sty
Package: etexcmds 2019/12/15 v1.7 Avoid name clashes with e-TeX commands (HO)
)
\Hy@SavedSpaceFactor=\count198

(/opt/homebrew/Cellar/texlive/20220321_3/share/texmf-dist/tex/latex/hyperref/pu
enc.def
File: puenc.def 2022-02-21 v7.00n Hyperref: PDF Unicode definition (HO)
Now handling font encoding PU ...
... no UTF-8 mapping file for font encoding PU
)
Package hyperref Info: Hyper figures OFF on input line 4137.
Package hyperref Info: Link nesting OFF on input line 4142.
Package hyperref Info: Hyper index ON on input line 4145.
Package hyperref Info: Plain pages OFF on input line 4152.
Package hyperref Info: Backreferencing OFF on input line 4157.
Package hyperref Info: Implicit mode ON; LaTeX internals redefined.
Package hyperref Info: Bookmarks ON on input line 4390.
\c@Hy@tempcnt=\count199

(/opt/homebrew/Cellar/texlive/20220321_3/share/texmf-dist/tex/latex/url/url.sty
\Urlmuskip=\muskip16
Package: url 2013/09/16  ver 3.4  Verb mode for urls, etc.
)
LaTeX Info: Redefining \url on input line 4749.
\XeTeXLinkMargin=\dimen148

(/opt/homebrew/Cellar/texlive/20220321_3/share/texmf-dist/tex/generic/bitset/bi
tset.sty
Package: bitset 2019/12/09 v1.3 Handle bit-vector datatype (HO)

(/opt/homebrew/Cellar/texlive/20220321_3/share/texmf-dist/tex/generic/bigintcal
c/bigintcalc.sty
Package: bigintcalc 2019/12/15 v1.5 Expandable calculations on big integers (HO
)
))
\Fld@menulength=\count266
\Field@Width=\dimen149
\Fld@charsize=\dimen150
Package hyperref Info: Hyper figures OFF on input line 6027.
Package hyperref Info: Link nesting OFF on input line 6032.
Package hyperref Info: Hyper index ON on input line 6035.
Package hyperref Info: backreferencing OFF on input line 6042.
Package hyperref Info: Link coloring OFF on input line 6047.
Package hyperref Info: Link coloring with OCG OFF on input line 6052.
Package hyperref Info: PDF/A mode OFF on input line 6057.
LaTeX Info: Redefining \ref on input line 6097.
LaTeX Info: Redefining \pageref on input line 6101.

(/opt/homebrew/Cellar/texlive/20220321_3/share/texmf-dist/tex/latex/base/atbegs
hi-ltx.sty
Package: atbegshi-ltx 2021/01/10 v1.0c Emulation of the original atbegshi
package with kernel methods
)
\Hy@abspage=\count267
\c@Item=\count268
\c@Hfootnote=\count269
)
Package hyperref Info: Driver (autodetected): hpdftex.

(/opt/homebrew/Cellar/texlive/20220321_3/share/texmf-dist/tex/latex/hyperref/hp
dftex.def
File: hpdftex.def 2022-02-21 v7.00n Hyperref driver for pdfTeX

(/opt/homebrew/Cellar/texlive/20220321_3/share/texmf-dist/tex/latex/base/atvery
end-ltx.sty
Package: atveryend-ltx 2020/08/19 v1.0a Emulation of the original atveryend pac
kage
with kernel methods
)
\Fld@listcount=\count270
\c@bookmark@seq@number=\count271

(/opt/homebrew/Cellar/texlive/20220321_3/share/texmf-dist/tex/latex/rerunfilech
eck/rerunfilecheck.sty
Package: rerunfilecheck 2019/12/05 v1.9 Rerun checks for auxiliary files (HO)

(/opt/homebrew/Cellar/texlive/20220321_3/share/texmf-dist/tex/generic/uniquecou
nter/uniquecounter.sty
Package: uniquecounter 2019/12/15 v1.4 Provide unlimited unique counter (HO)
)
Package uniquecounter Info: New unique counter `rerunfilecheck' on input line 2
86.
)
\Hy@SectionHShift=\skip49
)
(/opt/homebrew/Cellar/texlive/20220321_3/share/texmf-dist/tex/latex/titlesec/ti
tlesec.sty
Package: titlesec 2021/07/05 v2.14 Sectioning titles
\ttl@box=\box50
\beforetitleunit=\skip50
\aftertitleunit=\skip51
\ttl@plus=\dimen151
\ttl@minus=\dimen152
\ttl@toksa=\toks18
\titlewidth=\dimen153
\titlewidthlast=\dimen154
\titlewidthfirst=\dimen155
)
(/opt/homebrew/Cellar/texlive/20220321_3/share/texmf-dist/tex/latex/textpos/tex
tpos.sty
Package: textpos 2020/09/26 v1.10

Package: textpos 2020/09/26 1.10, absolute positioning of text on the page
Package textpos Info: choosing support for LaTeX3 on input line 61.
\TP@textbox=\box51
\TP@holdbox=\box52
\TPHorizModule=\dimen156
\TPVertModule=\dimen157
\TP@margin=\dimen158
\TP@absmargin=\dimen159
Grid set 16 x 16 = 38.39343pt x 49.68562pt
\TPboxrulesize=\dimen160
\TP@ox=\dimen161
\TP@oy=\dimen162
\TP@tbargs=\toks19
TextBlockOrigin set to 0pt x 0pt
)
(/opt/homebrew/Cellar/texlive/20220321_3/share/texmf-dist/tex/generic/babel/bab
el.sty
Package: babel 2022/02/26 3.73 The Babel package
\babel@savecnt=\count272
\U@D=\dimen163
\l@unhyphenated=\language87

(/opt/homebrew/Cellar/texlive/20220321_3/share/texmf-dist/tex/generic/babel/txt
babel.def)
\bbl@readstream=\read2
\bbl@dirlevel=\count273

(/opt/homebrew/Cellar/texlive/20220321_3/share/texmf-dist/tex/generic/babel-eng
lish/UKenglish.ldf
Language: UKenglish 2017/06/06 v3.3r English support from the babel system

(/opt/homebrew/Cellar/texlive/20220321_3/share/texmf-dist/tex/generic/babel-eng
lish/english.ldf
Language: english 2017/06/06 v3.3r English support from the babel system
Package babel Info: Hyphen rules for 'canadian' set to \l@english
(babel)             (\language0). Reported on input line 102.
Package babel Info: Hyphen rules for 'australian' set to \l@ukenglish
(babel)             (\language21). Reported on input line 105.
Package babel Info: Hyphen rules for 'newzealand' set to \l@ukenglish
(babel)             (\language21). Reported on input line 108.
)))
(/opt/homebrew/Cellar/texlive/20220321_3/share/texmf-dist/tex/latex/isodate/iso
date.sty
Package: isodate 2010/01/03 v2.30 Print dates with different formats (HH)

(/opt/homebrew/Cellar/texlive/20220321_3/share/texmf-dist/tex/latex/base/ifthen
.sty
Package: ifthen 2020/11/24 v1.1c Standard LaTeX ifthen package (DPC)
)
(/opt/homebrew/Cellar/texlive/20220321_3/share/texmf-dist/tex/latex/substr/subs
tr.sty
Package: substr 2009/10/20 v1.2 Handle substrings
\c@su@anzahl=\count274
)
(/opt/homebrew/Cellar/texlive/20220321_3/share/texmf-dist/tex/latex/isodate/eng
lish.idf
File: english.idf 2010/01/03 v2.30 Language definitions for isodate package (HH
)

Define commands for English date format
)
\c@iso@tmpmonth=\count275
\c@iso@yeartwo=\count276
\c@iso@slash=\count277
\c@iso@minus=\count278
\c@iso@dot=\count279
\c@iso@@slash=\count280
\c@iso@@minus=\count281
\c@iso@@dot=\count282
)
(/opt/homebrew/Cellar/texlive/20220321_3/share/texmf-dist/tex/latex/fontspec/fo
ntspec.sty
(/opt/homebrew/Cellar/texlive/20220321_3/share/texmf-dist/tex/latex/l3packages/
xparse/xparse.sty
(/opt/homebrew/Cellar/texlive/20220321_3/share/texmf-dist/tex/latex/l3kernel/ex
pl3.sty
Package: expl3 2022-02-24 L3 programming layer (loader) 

(/opt/homebrew/Cellar/texlive/20220321_3/share/texmf-dist/tex/latex/l3backend/l
3backend-pdftex.def
File: l3backend-pdftex.def 2022-02-07 L3 backend support: PDF output (pdfTeX)
\l__color_backend_stack_int=\count283
\l__pdf_internal_box=\box53
))
Package: xparse 2022-01-12 L3 Experimental document command parser
)
Package: fontspec 2022/01/15 v2.8a Font selection for XeLaTeX and LuaLaTeX


! Fatal Package fontspec Error: The fontspec package requires either XeTeX or
(fontspec)                      LuaTeX.
(fontspec)                      
(fontspec)                      You must change your typesetting engine to,
(fontspec)                      e.g., "xelatex" or "lualatex" instead of
(fontspec)                      "latex" or "pdflatex".

Type <return> to continue.
 ...                                              
                                                  
l.45 \msg_fatal:nn {fontspec} {cannot-use-pdftex}
                                                 
? 
! Emergency stop.
 ...                                              
                                                  
l.45 \msg_fatal:nn {fontspec} {cannot-use-pdftex}
                                                 

LaTeX does not know anything more about this error, sorry.

Try typing <return> to proceed.
If that doesn't work, type X <return> to quit.

This is a fatal error: LaTeX will abort.


 
Here is how much of TeX's memory you used:
 9879 strings out of 478268
 159615 string characters out of 5835365
 474730 words of memory out of 5000000
 28009 multiletter control sequences out of 15000+600000
 469259 words of font info for 28 fonts, out of 8000000 for 9000
 1141 hyphenation exceptions out of 8191
 83i,0n,91p,238b,44s stack positions out of 10000i,1000n,20000p,200000b,200000s
!  ==> Fatal error occurred, no output PDF file produced!
